2020-12-28 14:27:50,341:INFO:PyCaret Classification Module
2020-12-28 14:27:50,342:INFO:version 2.0
2020-12-28 14:27:50,342:INFO:Initializing setup()
2020-12-28 14:27:50,342:INFO:USI: 6ad0
2020-12-28 14:27:50,342:INFO:setup(data=(2000, 4), target=Sublevel Name, train_size=0.7, sampling=True, sample_estimator=None, categorical_features=None, categorical_imputation=constant, ordinal_features=None,
                    high_cardinality_features=None, high_cardinality_method=frequency, numeric_features=None, numeric_imputation=mean, date_features=None, ignore_features=None, normalize=False,
                    normalize_method=zscore, transformation=False, transformation_method=yeo-johnson, handle_unknown_categorical=True, unknown_categorical_method=least_frequent, pca=False, pca_method=linear,
                    pca_components=None, ignore_low_variance=False, combine_rare_levels=False, rare_level_threshold=0.1, bin_numeric_features=None, remove_outliers=False, outliers_threshold=0.05,
                    remove_multicollinearity=False, multicollinearity_threshold=0.9, remove_perfect_collinearity=False, create_clusters=False, cluster_iter=20,
                    polynomial_features=False, polynomial_degree=2, trigonometry_features=False, polynomial_threshold=0.1, group_features=None,
                    group_names=None, feature_selection=False, feature_selection_threshold=0.8, feature_interaction=False, feature_ratio=False, interaction_threshold=0.01,
                    fix_imbalance=False, fix_imbalance_method=None, data_split_shuffle=True, folds_shuffle=False, n_jobs=-1, html=True, session_id=None, log_experiment=False,
                    experiment_name=None, log_plots=False, log_profile=False, log_data=False, silent=False, verbose=True, profile=False)
2020-12-28 14:27:50,342:INFO:Checking environment
2020-12-28 14:27:50,342:INFO:python_version: 3.7.7
2020-12-28 14:27:50,342:INFO:python_build: ('default', 'Mar 26 2020 10:32:53')
2020-12-28 14:27:50,342:INFO:machine: x86_64
2020-12-28 14:27:50,368:INFO:platform: Darwin-19.5.0-x86_64-i386-64bit
2020-12-28 14:27:50,368:INFO:Memory: svmem(total=17179869184, available=5943115776, percent=65.4, used=8373989376, free=300613632, active=5642108928, inactive=5638541312, wired=2731880448)
2020-12-28 14:27:50,368:INFO:Physical Core: 4
2020-12-28 14:27:50,368:INFO:Logical Core: 8
2020-12-28 14:27:50,368:INFO:Checking libraries
2020-12-28 14:27:50,368:INFO:pd==1.0.5
2020-12-28 14:27:50,368:INFO:numpy==1.18.5
2020-12-28 14:27:50,369:INFO:sklearn==0.23.1
2020-12-28 14:27:51,140:WARNING:xgboost not found
2020-12-28 14:27:51,159:WARNING:lightgbm not found
2020-12-28 14:27:51,199:INFO:catboost==0.24
2020-12-28 14:27:52,415:INFO:mlflow==1.10.0
2020-12-28 14:27:52,415:INFO:Checking Exceptions
2020-12-28 14:27:52,416:INFO:Preloading libraries
2020-12-28 14:27:52,416:INFO:Preparing display monitor
2020-12-28 14:27:52,436:INFO:Importing libraries
2020-12-28 14:27:53,156:INFO:Copying data for preprocessing
2020-12-28 14:27:53,157:INFO:Declaring global variables
2020-12-28 14:27:53,275:INFO:Declaring preprocessing parameters
2020-12-28 14:27:53,275:INFO:Importing preprocessing module
2020-12-28 14:34:34,980:INFO:PyCaret Classification Module
2020-12-28 14:34:34,980:INFO:version 2.0
2020-12-28 14:34:34,981:INFO:Initializing setup()
2020-12-28 14:34:34,981:INFO:USI: 75d6
2020-12-28 14:34:34,981:INFO:setup(data=(2000, 4), target=Sublevel Name, train_size=0.7, sampling=True, sample_estimator=None, categorical_features=None, categorical_imputation=constant, ordinal_features=None,
                    high_cardinality_features=None, high_cardinality_method=frequency, numeric_features=None, numeric_imputation=mean, date_features=None, ignore_features=None, normalize=False,
                    normalize_method=zscore, transformation=False, transformation_method=yeo-johnson, handle_unknown_categorical=True, unknown_categorical_method=least_frequent, pca=False, pca_method=linear,
                    pca_components=None, ignore_low_variance=False, combine_rare_levels=False, rare_level_threshold=0.1, bin_numeric_features=None, remove_outliers=False, outliers_threshold=0.05,
                    remove_multicollinearity=False, multicollinearity_threshold=0.9, remove_perfect_collinearity=False, create_clusters=False, cluster_iter=20,
                    polynomial_features=False, polynomial_degree=2, trigonometry_features=False, polynomial_threshold=0.1, group_features=None,
                    group_names=None, feature_selection=False, feature_selection_threshold=0.8, feature_interaction=False, feature_ratio=False, interaction_threshold=0.01,
                    fix_imbalance=False, fix_imbalance_method=None, data_split_shuffle=True, folds_shuffle=False, n_jobs=-1, html=True, session_id=None, log_experiment=False,
                    experiment_name=None, log_plots=False, log_profile=False, log_data=False, silent=False, verbose=True, profile=False)
2020-12-28 14:34:34,981:INFO:Checking environment
2020-12-28 14:34:34,981:INFO:python_version: 3.7.7
2020-12-28 14:34:34,982:INFO:python_build: ('default', 'Mar 26 2020 10:32:53')
2020-12-28 14:34:34,982:INFO:machine: x86_64
2020-12-28 14:34:34,982:INFO:platform: Darwin-19.5.0-x86_64-i386-64bit
2020-12-28 14:34:34,982:INFO:Memory: svmem(total=17179869184, available=5971673088, percent=65.2, used=8258998272, free=540606464, active=5435215872, inactive=5342785536, wired=2823782400)
2020-12-28 14:34:34,982:INFO:Physical Core: 4
2020-12-28 14:34:34,982:INFO:Logical Core: 8
2020-12-28 14:34:34,982:INFO:Checking libraries
2020-12-28 14:34:34,982:INFO:pd==1.0.5
2020-12-28 14:34:34,982:INFO:numpy==1.18.5
2020-12-28 14:34:34,982:INFO:sklearn==0.23.1
2020-12-28 14:34:34,991:WARNING:xgboost not found
2020-12-28 14:34:34,996:WARNING:lightgbm not found
2020-12-28 14:34:34,997:INFO:catboost==0.24
2020-12-28 14:34:34,997:INFO:mlflow==1.10.0
2020-12-28 14:34:34,997:INFO:Checking Exceptions
2020-12-28 14:34:34,997:INFO:Preloading libraries
2020-12-28 14:34:34,997:INFO:Preparing display monitor
2020-12-28 14:34:35,020:INFO:Importing libraries
2020-12-28 14:34:35,031:INFO:Copying data for preprocessing
2020-12-28 14:34:35,031:INFO:Declaring global variables
2020-12-28 14:34:35,037:INFO:Declaring preprocessing parameters
2020-12-28 14:34:35,037:INFO:Importing preprocessing module
